<?xml version="1.0" encoding="UTF-8"?>
<!-- Generated by org.testng.reporters.JUnitReportReporter -->
<testsuite hostname="DM-DT16" failures="0" tests="1" name="dmsdemo.Test.ProjectsTest" time="15.395" errors="0" timestamp="2023-03-23T16:30:13 IST" skipped="0">
  <testcase classname="dmsdemo.Test.ProjectsTest" name="addProjects" time="15.395"/>
  <system-out/>
</testsuite> <!-- dmsdemo.Test.ProjectsTest -->
