<?xml version="1.0" encoding="UTF-8"?>
<!-- Generated by org.testng.reporters.JUnitReportReporter -->
<testsuite hostname="DM-DT16" failures="0" tests="1" name="dmsdemo.Test.ProjectsTest" time="108.157" errors="0" timestamp="2023-03-24T15:44:12 IST" skipped="0">
  <testcase classname="dmsdemo.Test.ProjectsTest" name="addProjects" time="108.157"/>
  <system-out/>
</testsuite> <!-- dmsdemo.Test.ProjectsTest -->
