<?xml version="1.0" encoding="UTF-8"?>
<!-- Generated by org.testng.reporters.JUnitReportReporter -->
<testsuite hostname="DM-DT16" failures="0" tests="1" name="dmsdemo.Test.LoginTest" time="15.879" errors="0" timestamp="2023-03-28T11:32:17 IST" skipped="0">
  <testcase classname="dmsdemo.Test.LoginTest" name="logintest" time="15.879"/>
  <system-out/>
</testsuite> <!-- dmsdemo.Test.LoginTest -->
